<?xml version="1.0" encoding="UTF-8"?>
<!-- Generated by org.testng.reporters.JUnitReportReporter -->
<testsuite hostname="LAPTOP-0CG7VJN0" failures="0" tests="1" name="testCases.AccountRegistrationTest" time="6.420" errors="0" timestamp="2024-09-02T23:20:47 IST" skipped="0">
  <testcase classname="testCases.AccountRegistrationTest" name="verifyRegistration" time="6.420"/>
</testsuite> <!-- testCases.AccountRegistrationTest -->
