<?xml version="1.0" encoding="UTF-8"?>
<!-- Generated by org.testng.reporters.JUnitReportReporter -->
<testsuite hostname="LAPTOP-0CG7VJN0" failures="0" tests="2" name="testCases.AddToCart" time="2.605" errors="0" timestamp="2024-09-03T10:41:09 IST" skipped="0">
  <testcase classname="testCases.AddToCart" name="search" time="2.385"/>
  <testcase classname="testCases.AddToCart" name="setFilter" time="0.220"/>
</testsuite> <!-- testCases.AddToCart -->
