<?xml version="1.0" encoding="UTF-8"?>
<!-- Generated by org.testng.reporters.JUnitReportReporter -->
<testsuite hostname="LAPTOP-0CG7VJN0" failures="0" tests="1" name="testCases.VerifyCartIsEmpty" time="1.833" errors="0" timestamp="2024-09-05T11:15:22 IST" skipped="0">
  <testcase classname="testCases.VerifyCartIsEmpty" name="verifyCartIsEmpty" time="1.833"/>
</testsuite> <!-- testCases.VerifyCartIsEmpty -->
